mode: set
sqlrs/engine/cmd/sqlrs-engine/main.go:48.44,50.2 1 1
sqlrs/engine/cmd/sqlrs-engine/main.go:52.35,54.2 1 1
sqlrs/engine/cmd/sqlrs-engine/main.go:56.51,59.2 2 1
sqlrs/engine/cmd/sqlrs-engine/main.go:61.72,63.2 1 0
sqlrs/engine/cmd/sqlrs-engine/main.go:70.38,79.39 8 1
sqlrs/engine/cmd/sqlrs-engine/main.go:79.39,81.3 1 1
sqlrs/engine/cmd/sqlrs-engine/main.go:83.2,85.23 2 1
sqlrs/engine/cmd/sqlrs-engine/main.go:85.23,87.3 1 1
sqlrs/engine/cmd/sqlrs-engine/main.go:88.2,88.22 1 1
sqlrs/engine/cmd/sqlrs-engine/main.go:88.22,90.3 1 1
sqlrs/engine/cmd/sqlrs-engine/main.go:91.2,91.19 1 1
sqlrs/engine/cmd/sqlrs-engine/main.go:91.19,92.53 1 1
sqlrs/engine/cmd/sqlrs-engine/main.go:92.53,94.4 1 1
sqlrs/engine/cmd/sqlrs-engine/main.go:96.2,97.16 2 1
sqlrs/engine/cmd/sqlrs-engine/main.go:97.16,99.3 1 1
sqlrs/engine/cmd/sqlrs-engine/main.go:99.8,101.3 1 1
sqlrs/engine/cmd/sqlrs-engine/main.go:103.2,104.16 2 1
sqlrs/engine/cmd/sqlrs-engine/main.go:104.16,106.3 1 1
sqlrs/engine/cmd/sqlrs-engine/main.go:107.2,107.15 1 1
sqlrs/engine/cmd/sqlrs-engine/main.go:107.15,109.3 1 1
sqlrs/engine/cmd/sqlrs-engine/main.go:111.2,112.16 2 1
sqlrs/engine/cmd/sqlrs-engine/main.go:112.16,114.3 1 1
sqlrs/engine/cmd/sqlrs-engine/main.go:115.2,116.16 2 1
sqlrs/engine/cmd/sqlrs-engine/main.go:116.16,118.3 1 1
sqlrs/engine/cmd/sqlrs-engine/main.go:120.2,122.59 3 1
sqlrs/engine/cmd/sqlrs-engine/main.go:122.59,124.3 1 1
sqlrs/engine/cmd/sqlrs-engine/main.go:125.2,126.16 2 1
sqlrs/engine/cmd/sqlrs-engine/main.go:126.16,128.3 1 0
sqlrs/engine/cmd/sqlrs-engine/main.go:129.2,132.16 3 1
sqlrs/engine/cmd/sqlrs-engine/main.go:132.16,134.3 1 0
sqlrs/engine/cmd/sqlrs-engine/main.go:135.2,145.60 3 1
sqlrs/engine/cmd/sqlrs-engine/main.go:145.60,147.3 1 1
sqlrs/engine/cmd/sqlrs-engine/main.go:148.2,166.16 9 1
sqlrs/engine/cmd/sqlrs-engine/main.go:166.16,168.3 1 0
sqlrs/engine/cmd/sqlrs-engine/main.go:169.2,169.65 1 1
sqlrs/engine/cmd/sqlrs-engine/main.go:169.65,171.3 1 0
sqlrs/engine/cmd/sqlrs-engine/main.go:173.2,177.16 2 1
sqlrs/engine/cmd/sqlrs-engine/main.go:177.16,179.3 1 0
sqlrs/engine/cmd/sqlrs-engine/main.go:181.2,191.74 2 1
sqlrs/engine/cmd/sqlrs-engine/main.go:191.74,194.4 2 0
sqlrs/engine/cmd/sqlrs-engine/main.go:197.2,201.34 4 1
sqlrs/engine/cmd/sqlrs-engine/main.go:201.34,202.26 1 1
sqlrs/engine/cmd/sqlrs-engine/main.go:202.26,206.55 4 1
sqlrs/engine/cmd/sqlrs-engine/main.go:206.55,208.5 1 0
sqlrs/engine/cmd/sqlrs-engine/main.go:212.2,212.22 1 1
sqlrs/engine/cmd/sqlrs-engine/main.go:212.22,213.13 1 1
sqlrs/engine/cmd/sqlrs-engine/main.go:213.13,216.8 3 1
sqlrs/engine/cmd/sqlrs-engine/main.go:216.8,217.12 1 1
sqlrs/engine/cmd/sqlrs-engine/main.go:218.23,219.12 1 1
sqlrs/engine/cmd/sqlrs-engine/main.go:220.21,221.44 1 1
sqlrs/engine/cmd/sqlrs-engine/main.go:221.44,224.7 2 1
sqlrs/engine/cmd/sqlrs-engine/main.go:230.2,230.12 1 1
sqlrs/engine/cmd/sqlrs-engine/main.go:230.12,233.3 2 1
sqlrs/engine/cmd/sqlrs-engine/main.go:235.2,236.93 2 1
sqlrs/engine/cmd/sqlrs-engine/main.go:236.93,239.3 2 1
sqlrs/engine/cmd/sqlrs-engine/main.go:240.2,240.15 1 1
sqlrs/engine/cmd/sqlrs-engine/main.go:243.13,245.16 2 1
sqlrs/engine/cmd/sqlrs-engine/main.go:245.16,248.3 2 1
sqlrs/engine/cmd/sqlrs-engine/main.go:249.2,249.15 1 1
sqlrs/engine/cmd/sqlrs-engine/main.go:249.15,251.3 1 1
sqlrs/engine/cmd/sqlrs-engine/main.go:254.43,256.48 2 1
sqlrs/engine/cmd/sqlrs-engine/main.go:256.48,258.3 1 1
sqlrs/engine/cmd/sqlrs-engine/main.go:259.2,259.37 1 1
sqlrs/engine/cmd/sqlrs-engine/main.go:262.61,263.63 1 1
sqlrs/engine/cmd/sqlrs-engine/main.go:263.63,265.3 1 1
sqlrs/engine/cmd/sqlrs-engine/main.go:266.2,267.16 2 1
sqlrs/engine/cmd/sqlrs-engine/main.go:267.16,269.3 1 0
sqlrs/engine/cmd/sqlrs-engine/main.go:270.2,271.54 2 1
sqlrs/engine/cmd/sqlrs-engine/main.go:271.54,273.3 1 1
sqlrs/engine/cmd/sqlrs-engine/main.go:274.2,274.75 1 1
sqlrs/engine/cmd/sqlrs-engine/main.go:274.75,276.3 1 1
sqlrs/engine/cmd/sqlrs-engine/main.go:277.2,277.28 1 1
sqlrs/engine/cmd/sqlrs-engine/main.go:280.37,281.75 1 1
sqlrs/engine/cmd/sqlrs-engine/main.go:281.75,283.3 1 1
sqlrs/engine/cmd/sqlrs-engine/main.go:286.53,288.51 2 1
sqlrs/engine/cmd/sqlrs-engine/main.go:288.51,290.3 1 1
sqlrs/engine/cmd/sqlrs-engine/main.go:291.2,293.16 3 1
sqlrs/engine/cmd/sqlrs-engine/main.go:293.16,295.3 1 0
sqlrs/engine/cmd/sqlrs-engine/main.go:296.2,297.29 2 1
sqlrs/engine/cmd/sqlrs-engine/main.go:297.29,299.3 1 0
sqlrs/engine/cmd/sqlrs-engine/main.go:300.2,301.16 2 1
sqlrs/engine/cmd/sqlrs-engine/main.go:301.16,303.3 1 1
sqlrs/engine/cmd/sqlrs-engine/main.go:306.39,307.17 1 1
sqlrs/engine/cmd/sqlrs-engine/main.go:307.17,309.3 1 0
sqlrs/engine/cmd/sqlrs-engine/main.go:310.2,311.16 2 1
sqlrs/engine/cmd/sqlrs-engine/main.go:311.16,313.3 1 0
sqlrs/engine/cmd/sqlrs-engine/main.go:314.2,314.43 1 1
