mode: set
github.com/sqlrs/cli/internal/alias/check.go:14.55,16.16 2 1
github.com/sqlrs/cli/internal/alias/check.go:16.16,18.3 1 0
github.com/sqlrs/cli/internal/alias/check.go:19.2,23.32 2 1
github.com/sqlrs/cli/internal/alias/check.go:23.32,30.17 2 1
github.com/sqlrs/cli/internal/alias/check.go:30.17,32.4 1 0
github.com/sqlrs/cli/internal/alias/check.go:33.3,33.19 1 1
github.com/sqlrs/cli/internal/alias/check.go:33.19,35.4 1 1
github.com/sqlrs/cli/internal/alias/check.go:35.9,37.4 1 1
github.com/sqlrs/cli/internal/alias/check.go:38.3,38.50 1 1
github.com/sqlrs/cli/internal/alias/check.go:40.2,40.20 1 1
github.com/sqlrs/cli/internal/alias/check.go:44.76,53.25 3 1
github.com/sqlrs/cli/internal/alias/check.go:53.25,55.3 1 1
github.com/sqlrs/cli/internal/alias/check.go:56.2,57.95 2 1
github.com/sqlrs/cli/internal/alias/check.go:57.95,59.3 1 1
github.com/sqlrs/cli/internal/alias/check.go:61.2,65.38 2 1
github.com/sqlrs/cli/internal/alias/check.go:66.20,67.63 1 1
github.com/sqlrs/cli/internal/alias/check.go:68.16,69.59 1 1
github.com/sqlrs/cli/internal/alias/check.go:70.10,71.70 1 1
github.com/sqlrs/cli/internal/alias/check.go:74.2,77.21 4 1
github.com/sqlrs/cli/internal/alias/check.go:77.21,79.3 1 1
github.com/sqlrs/cli/internal/alias/check.go:80.2,80.20 1 1
github.com/sqlrs/cli/internal/alias/check.go:95.77,97.16 2 1
github.com/sqlrs/cli/internal/alias/check.go:97.16,99.3 1 1
github.com/sqlrs/cli/internal/alias/check.go:100.2,100.107 1 1
github.com/sqlrs/cli/internal/alias/check.go:103.73,105.16 2 1
github.com/sqlrs/cli/internal/alias/check.go:105.16,107.3 1 1
github.com/sqlrs/cli/internal/alias/check.go:108.2,108.103 1 1
github.com/sqlrs/cli/internal/alias/check.go:111.63,113.16 2 1
github.com/sqlrs/cli/internal/alias/check.go:113.16,115.3 1 1
github.com/sqlrs/cli/internal/alias/check.go:116.2,117.51 2 1
github.com/sqlrs/cli/internal/alias/check.go:117.51,119.3 1 1
github.com/sqlrs/cli/internal/alias/check.go:120.2,121.18 2 1
github.com/sqlrs/cli/internal/alias/check.go:122.10,123.75 1 1
github.com/sqlrs/cli/internal/alias/check.go:124.20,124.20 0 1
github.com/sqlrs/cli/internal/alias/check.go:125.10,126.85 1 1
github.com/sqlrs/cli/internal/alias/check.go:128.2,128.24 1 1
github.com/sqlrs/cli/internal/alias/check.go:128.24,130.3 1 1
github.com/sqlrs/cli/internal/alias/check.go:131.2,131.17 1 1
github.com/sqlrs/cli/internal/alias/check.go:134.55,136.16 2 1
github.com/sqlrs/cli/internal/alias/check.go:136.16,138.3 1 1
github.com/sqlrs/cli/internal/alias/check.go:139.2,140.51 2 1
github.com/sqlrs/cli/internal/alias/check.go:140.51,142.3 1 1
github.com/sqlrs/cli/internal/alias/check.go:143.2,144.18 2 1
github.com/sqlrs/cli/internal/alias/check.go:145.10,146.67 1 1
github.com/sqlrs/cli/internal/alias/check.go:147.10,148.33 1 1
github.com/sqlrs/cli/internal/alias/check.go:148.33,150.4 1 1
github.com/sqlrs/cli/internal/alias/check.go:152.2,152.40 1 1
github.com/sqlrs/cli/internal/alias/check.go:152.40,154.3 1 1
github.com/sqlrs/cli/internal/alias/check.go:155.2,155.24 1 1
github.com/sqlrs/cli/internal/alias/check.go:155.24,157.3 1 1
github.com/sqlrs/cli/internal/alias/check.go:158.2,158.17 1 1
github.com/sqlrs/cli/internal/alias/check.go:161.108,162.14 1 1
github.com/sqlrs/cli/internal/alias/check.go:163.14,164.64 1 1
github.com/sqlrs/cli/internal/alias/check.go:165.12,166.67 1 1
github.com/sqlrs/cli/internal/alias/check.go:167.10,168.13 1 1
github.com/sqlrs/cli/internal/alias/check.go:172.104,173.14 1 1
github.com/sqlrs/cli/internal/alias/check.go:174.45,175.64 1 1
github.com/sqlrs/cli/internal/alias/check.go:176.10,177.13 1 1
github.com/sqlrs/cli/internal/alias/check.go:181.92,183.33 2 1
github.com/sqlrs/cli/internal/alias/check.go:183.33,185.10 2 1
github.com/sqlrs/cli/internal/alias/check.go:186.39,187.24 1 1
github.com/sqlrs/cli/internal/alias/check.go:187.24,189.13 2 1
github.com/sqlrs/cli/internal/alias/check.go:191.4,191.88 1 1
github.com/sqlrs/cli/internal/alias/check.go:191.88,193.5 1 1
github.com/sqlrs/cli/internal/alias/check.go:194.4,194.7 1 1
github.com/sqlrs/cli/internal/alias/check.go:195.42,196.113 1 1
github.com/sqlrs/cli/internal/alias/check.go:196.113,198.5 1 1
github.com/sqlrs/cli/internal/alias/check.go:199.53,200.86 1 1
github.com/sqlrs/cli/internal/alias/check.go:200.86,202.5 1 1
github.com/sqlrs/cli/internal/alias/check.go:205.2,205.15 1 1
github.com/sqlrs/cli/internal/alias/check.go:208.95,210.33 2 1
github.com/sqlrs/cli/internal/alias/check.go:210.33,212.10 2 1
github.com/sqlrs/cli/internal/alias/check.go:213.62,214.24 1 1
github.com/sqlrs/cli/internal/alias/check.go:214.24,216.13 2 1
github.com/sqlrs/cli/internal/alias/check.go:218.4,218.93 1 1
github.com/sqlrs/cli/internal/alias/check.go:218.93,220.5 1 1
github.com/sqlrs/cli/internal/alias/check.go:221.4,221.7 1 1
github.com/sqlrs/cli/internal/alias/check.go:222.56,223.24 1 1
github.com/sqlrs/cli/internal/alias/check.go:223.24,225.13 2 1
github.com/sqlrs/cli/internal/alias/check.go:227.4,228.7 2 1
github.com/sqlrs/cli/internal/alias/check.go:229.52,230.128 1 1
github.com/sqlrs/cli/internal/alias/check.go:230.128,232.5 1 1
github.com/sqlrs/cli/internal/alias/check.go:233.51,234.127 1 1
github.com/sqlrs/cli/internal/alias/check.go:234.127,236.5 1 1
github.com/sqlrs/cli/internal/alias/check.go:237.48,238.118 1 1
github.com/sqlrs/cli/internal/alias/check.go:239.49,240.119 1 1
github.com/sqlrs/cli/internal/alias/check.go:243.2,243.15 1 1
github.com/sqlrs/cli/internal/alias/check.go:246.87,247.36 1 1
github.com/sqlrs/cli/internal/alias/check.go:247.36,249.3 1 1
github.com/sqlrs/cli/internal/alias/check.go:250.2,252.29 3 1
github.com/sqlrs/cli/internal/alias/check.go:252.29,254.17 2 1
github.com/sqlrs/cli/internal/alias/check.go:254.17,256.12 2 1
github.com/sqlrs/cli/internal/alias/check.go:258.3,258.88 1 1
github.com/sqlrs/cli/internal/alias/check.go:258.88,260.4 1 1
github.com/sqlrs/cli/internal/alias/check.go:262.2,262.15 1 1
github.com/sqlrs/cli/internal/alias/check.go:265.118,266.40 1 1
github.com/sqlrs/cli/internal/alias/check.go:266.40,268.3 1 1
github.com/sqlrs/cli/internal/alias/check.go:269.2,269.75 1 1
github.com/sqlrs/cli/internal/alias/check.go:272.113,274.17 2 1
github.com/sqlrs/cli/internal/alias/check.go:275.10,276.72 1 1
github.com/sqlrs/cli/internal/alias/check.go:277.11,278.24 1 1
github.com/sqlrs/cli/internal/alias/check.go:281.2,282.31 2 1
github.com/sqlrs/cli/internal/alias/check.go:282.31,284.3 1 1
github.com/sqlrs/cli/internal/alias/check.go:285.2,287.92 2 1
github.com/sqlrs/cli/internal/alias/check.go:287.92,293.3 1 1
github.com/sqlrs/cli/internal/alias/check.go:294.2,295.16 2 1
github.com/sqlrs/cli/internal/alias/check.go:295.16,301.3 1 1
github.com/sqlrs/cli/internal/alias/check.go:302.2,302.33 1 1
github.com/sqlrs/cli/internal/alias/check.go:302.33,308.3 1 1
github.com/sqlrs/cli/internal/alias/check.go:309.2,309.23 1 1
github.com/sqlrs/cli/internal/alias/check.go:312.53,315.2 2 1
github.com/sqlrs/cli/internal/alias/path.go:9.41,11.16 2 1
github.com/sqlrs/cli/internal/alias/path.go:11.16,13.3 1 0
github.com/sqlrs/cli/internal/alias/path.go:14.2,14.16 1 1
github.com/sqlrs/cli/internal/alias/path.go:14.16,16.3 1 1
github.com/sqlrs/cli/internal/alias/path.go:17.2,18.55 2 1
github.com/sqlrs/cli/internal/alias/path.go:21.51,23.19 2 1
github.com/sqlrs/cli/internal/alias/path.go:23.19,25.3 1 0
github.com/sqlrs/cli/internal/alias/path.go:26.2,26.65 1 1
github.com/sqlrs/cli/internal/alias/path.go:26.65,28.3 1 1
github.com/sqlrs/cli/internal/alias/path.go:30.2,32.6 3 1
github.com/sqlrs/cli/internal/alias/path.go:32.6,34.22 2 1
github.com/sqlrs/cli/internal/alias/path.go:34.22,36.4 1 0
github.com/sqlrs/cli/internal/alias/path.go:37.3,39.64 3 1
github.com/sqlrs/cli/internal/alias/path.go:39.64,42.4 2 1
github.com/sqlrs/cli/internal/alias/resolve.go:12.57,14.25 2 1
github.com/sqlrs/cli/internal/alias/resolve.go:14.25,16.3 1 1
github.com/sqlrs/cli/internal/alias/resolve.go:17.2,19.15 3 1
github.com/sqlrs/cli/internal/alias/resolve.go:19.15,21.3 1 1
github.com/sqlrs/cli/internal/alias/resolve.go:22.2,25.15 3 1
github.com/sqlrs/cli/internal/alias/resolve.go:25.15,27.3 1 1
github.com/sqlrs/cli/internal/alias/resolve.go:29.2,31.11 3 1
github.com/sqlrs/cli/internal/alias/resolve.go:31.11,33.35 2 1
github.com/sqlrs/cli/internal/alias/resolve.go:33.35,35.4 1 1
github.com/sqlrs/cli/internal/alias/resolve.go:36.3,36.60 1 1
github.com/sqlrs/cli/internal/alias/resolve.go:38.2,38.58 1 1
github.com/sqlrs/cli/internal/alias/resolve.go:41.99,43.15 2 1
github.com/sqlrs/cli/internal/alias/resolve.go:44.20,45.91 1 1
github.com/sqlrs/cli/internal/alias/resolve.go:46.16,47.83 1 1
github.com/sqlrs/cli/internal/alias/resolve.go:50.2,52.9 3 1
github.com/sqlrs/cli/internal/alias/resolve.go:53.42,54.108 1 1
github.com/sqlrs/cli/internal/alias/resolve.go:55.25,56.28 1 1
github.com/sqlrs/cli/internal/alias/resolve.go:57.21,58.24 1 0
github.com/sqlrs/cli/internal/alias/resolve.go:59.10,60.70 1 0
github.com/sqlrs/cli/internal/alias/resolve.go:64.110,66.16 2 1
github.com/sqlrs/cli/internal/alias/resolve.go:66.16,68.3 1 1
github.com/sqlrs/cli/internal/alias/resolve.go:69.2,70.32 2 1
github.com/sqlrs/cli/internal/alias/resolve.go:70.32,72.3 1 1
github.com/sqlrs/cli/internal/alias/resolve.go:73.2,78.8 1 1
github.com/sqlrs/cli/internal/alias/resolve.go:81.100,83.16 2 1
github.com/sqlrs/cli/internal/alias/resolve.go:83.16,85.3 1 1
github.com/sqlrs/cli/internal/alias/resolve.go:86.2,87.32 2 1
github.com/sqlrs/cli/internal/alias/resolve.go:87.32,89.3 1 1
github.com/sqlrs/cli/internal/alias/resolve.go:91.2,92.9 2 1
github.com/sqlrs/cli/internal/alias/resolve.go:93.42,94.108 1 1
github.com/sqlrs/cli/internal/alias/resolve.go:95.19,96.24 1 1
github.com/sqlrs/cli/internal/alias/resolve.go:97.53,98.109 1 1
github.com/sqlrs/cli/internal/alias/resolve.go:101.2,106.25 2 1
github.com/sqlrs/cli/internal/alias/resolve.go:106.25,108.3 1 1
github.com/sqlrs/cli/internal/alias/resolve.go:108.8,110.20 2 1
github.com/sqlrs/cli/internal/alias/resolve.go:110.20,112.4 1 0
github.com/sqlrs/cli/internal/alias/resolve.go:113.3,113.37 1 1
github.com/sqlrs/cli/internal/alias/resolve.go:115.2,115.20 1 1
github.com/sqlrs/cli/internal/alias/resolve.go:118.97,120.25 2 1
github.com/sqlrs/cli/internal/alias/resolve.go:120.25,122.3 1 1
github.com/sqlrs/cli/internal/alias/resolve.go:123.2,125.16 3 1
github.com/sqlrs/cli/internal/alias/resolve.go:125.16,127.3 1 1
github.com/sqlrs/cli/internal/alias/resolve.go:128.2,131.31 3 1
github.com/sqlrs/cli/internal/alias/resolve.go:131.31,133.3 1 1
github.com/sqlrs/cli/internal/alias/resolve.go:134.2,138.72 4 1
github.com/sqlrs/cli/internal/alias/resolve.go:138.72,140.3 1 1
github.com/sqlrs/cli/internal/alias/resolve.go:141.2,141.22 1 1
github.com/sqlrs/cli/internal/alias/scan.go:15.46,17.16 2 1
github.com/sqlrs/cli/internal/alias/scan.go:17.16,19.3 1 1
github.com/sqlrs/cli/internal/alias/scan.go:21.2,22.70 2 1
github.com/sqlrs/cli/internal/alias/scan.go:22.70,24.18 2 1
github.com/sqlrs/cli/internal/alias/scan.go:24.18,26.4 1 1
github.com/sqlrs/cli/internal/alias/scan.go:27.3,27.36 1 1
github.com/sqlrs/cli/internal/alias/scan.go:27.36,29.4 1 1
github.com/sqlrs/cli/internal/alias/scan.go:30.3,37.17 3 1
github.com/sqlrs/cli/internal/alias/scan.go:37.17,40.4 2 1
github.com/sqlrs/cli/internal/alias/scan.go:40.9,43.4 2 1
github.com/sqlrs/cli/internal/alias/scan.go:44.3,45.13 2 1
github.com/sqlrs/cli/internal/alias/scan.go:46.17,48.3 1 1
github.com/sqlrs/cli/internal/alias/scan.go:50.2,50.42 1 1
github.com/sqlrs/cli/internal/alias/scan.go:50.42,52.3 1 1
github.com/sqlrs/cli/internal/alias/scan.go:53.2,53.21 1 1
github.com/sqlrs/cli/internal/alias/scan.go:56.104,58.25 2 1
github.com/sqlrs/cli/internal/alias/scan.go:58.25,60.3 1 1
github.com/sqlrs/cli/internal/alias/scan.go:61.2,64.15 3 1
github.com/sqlrs/cli/internal/alias/scan.go:64.15,66.3 1 1
github.com/sqlrs/cli/internal/alias/scan.go:67.2,68.87 2 1
github.com/sqlrs/cli/internal/alias/scan.go:68.87,70.3 1 1
github.com/sqlrs/cli/internal/alias/scan.go:72.2,73.69 2 1
github.com/sqlrs/cli/internal/alias/scan.go:74.17,75.17 1 1
github.com/sqlrs/cli/internal/alias/scan.go:76.19,77.27 1 1
github.com/sqlrs/cli/internal/alias/scan.go:78.10,79.27 1 1
github.com/sqlrs/cli/internal/alias/scan.go:79.27,81.4 1 1
github.com/sqlrs/cli/internal/alias/scan.go:81.9,83.4 1 1
github.com/sqlrs/cli/internal/alias/scan.go:86.2,86.92 1 1
github.com/sqlrs/cli/internal/alias/scan.go:86.92,88.3 1 1
github.com/sqlrs/cli/internal/alias/scan.go:90.2,91.17 2 1
github.com/sqlrs/cli/internal/alias/scan.go:91.17,93.3 1 1
github.com/sqlrs/cli/internal/alias/scan.go:95.2,96.55 2 1
github.com/sqlrs/cli/internal/alias/scan.go:96.55,98.3 1 1
github.com/sqlrs/cli/internal/alias/scan.go:99.2,99.59 1 1
github.com/sqlrs/cli/internal/alias/scan.go:102.88,104.16 2 1
github.com/sqlrs/cli/internal/alias/scan.go:104.16,106.3 1 1
github.com/sqlrs/cli/internal/alias/scan.go:107.2,107.32 1 1
github.com/sqlrs/cli/internal/alias/scan.go:107.32,110.20 3 1
github.com/sqlrs/cli/internal/alias/scan.go:110.20,111.24 1 1
github.com/sqlrs/cli/internal/alias/scan.go:111.24,112.13 1 1
github.com/sqlrs/cli/internal/alias/scan.go:114.4,114.17 1 1
github.com/sqlrs/cli/internal/alias/scan.go:115.19,116.13 1 1
github.com/sqlrs/cli/internal/alias/scan.go:117.23,118.19 1 1
github.com/sqlrs/cli/internal/alias/scan.go:118.19,119.14 1 1
github.com/sqlrs/cli/internal/alias/scan.go:122.4,122.69 1 1
github.com/sqlrs/cli/internal/alias/scan.go:122.69,124.5 1 0
github.com/sqlrs/cli/internal/alias/scan.go:125.4,125.12 1 1
github.com/sqlrs/cli/internal/alias/scan.go:127.3,127.37 1 1
github.com/sqlrs/cli/internal/alias/scan.go:127.37,129.4 1 1
github.com/sqlrs/cli/internal/alias/scan.go:131.2,131.12 1 1
github.com/sqlrs/cli/internal/alias/scan.go:134.66,136.16 2 1
github.com/sqlrs/cli/internal/alias/scan.go:136.16,138.3 1 1
github.com/sqlrs/cli/internal/alias/scan.go:139.2,142.54 2 1
github.com/sqlrs/cli/internal/alias/scan.go:142.54,144.3 1 1
github.com/sqlrs/cli/internal/alias/scan.go:145.2,145.61 1 1
github.com/sqlrs/cli/internal/alias/scan.go:148.55,149.15 1 1
github.com/sqlrs/cli/internal/alias/scan.go:150.20,151.51 1 0
github.com/sqlrs/cli/internal/alias/scan.go:152.16,153.47 1 1
github.com/sqlrs/cli/internal/alias/scan.go:154.10,155.13 1 1
github.com/sqlrs/cli/internal/alias/scan.go:159.70,161.16 2 1
github.com/sqlrs/cli/internal/alias/scan.go:161.16,163.3 1 1
github.com/sqlrs/cli/internal/alias/scan.go:164.2,164.30 1 1
github.com/sqlrs/cli/internal/alias/scan.go:167.65,169.16 2 1
github.com/sqlrs/cli/internal/alias/scan.go:169.16,171.3 1 1
github.com/sqlrs/cli/internal/alias/scan.go:172.2,172.15 1 1
github.com/sqlrs/cli/internal/alias/scan.go:173.20,174.47 1 1
github.com/sqlrs/cli/internal/alias/scan.go:175.16,176.43 1 1
github.com/sqlrs/cli/internal/alias/scan.go:178.2,178.30 1 1
github.com/sqlrs/cli/internal/alias/scan.go:181.38,182.9 1 1
github.com/sqlrs/cli/internal/alias/scan.go:183.63,184.22 1 1
github.com/sqlrs/cli/internal/alias/scan.go:185.59,186.18 1 1
github.com/sqlrs/cli/internal/alias/scan.go:187.10,188.12 1 1
github.com/sqlrs/cli/internal/alias/types.go:91.40,92.66 1 1
github.com/sqlrs/cli/internal/alias/types.go:93.20,94.22 1 1
github.com/sqlrs/cli/internal/alias/types.go:95.16,96.18 1 1
github.com/sqlrs/cli/internal/alias/types.go:97.10,98.12 1 1
github.com/sqlrs/cli/internal/alias/types.go:102.47,103.22 1 1
github.com/sqlrs/cli/internal/alias/types.go:103.22,105.3 1 1
github.com/sqlrs/cli/internal/alias/types.go:106.2,108.31 3 1
github.com/sqlrs/cli/internal/alias/types.go:108.31,110.18 2 1
github.com/sqlrs/cli/internal/alias/types.go:110.18,111.12 1 1
github.com/sqlrs/cli/internal/alias/types.go:113.3,113.31 1 1
github.com/sqlrs/cli/internal/alias/types.go:113.31,114.12 1 1
github.com/sqlrs/cli/internal/alias/types.go:116.3,117.35 2 1
github.com/sqlrs/cli/internal/alias/types.go:119.2,119.23 1 1
github.com/sqlrs/cli/internal/alias/types.go:119.23,121.3 1 1
github.com/sqlrs/cli/internal/alias/types.go:122.2,122.16 1 1
github.com/sqlrs/cli/internal/alias/types.go:125.41,126.58 1 1
github.com/sqlrs/cli/internal/alias/types.go:127.17,128.19 1 1
github.com/sqlrs/cli/internal/alias/types.go:129.21,130.23 1 1
github.com/sqlrs/cli/internal/alias/types.go:131.26,132.24 1 1
github.com/sqlrs/cli/internal/alias/types.go:133.10,134.12 1 1
