mode: set
sqlrs/cli/internal/cli/runkind/runkind.go:10.32,11.50 1 1
sqlrs/cli/internal/cli/runkind/runkind.go:12.29,13.14 1 1
sqlrs/cli/internal/cli/runkind/runkind.go:14.10,15.15 1 1
sqlrs/cli/internal/cli/runkind/runkind.go:19.41,20.50 1 1
sqlrs/cli/internal/cli/runkind/runkind.go:21.16,22.16 1 1
sqlrs/cli/internal/cli/runkind/runkind.go:23.19,24.19 1 1
sqlrs/cli/internal/cli/runkind/runkind.go:25.10,26.12 1 1
sqlrs/cli/internal/cli/runkind/runkind.go:30.57,31.50 1 1
sqlrs/cli/internal/cli/runkind/runkind.go:32.16,33.37 1 1
sqlrs/cli/internal/cli/runkind/runkind.go:34.19,35.40 1 1
sqlrs/cli/internal/cli/runkind/runkind.go:36.10,37.15 1 1
sqlrs/cli/internal/cli/runkind/runkind.go:41.48,42.33 1 1
sqlrs/cli/internal/cli/runkind/runkind.go:42.33,44.16 2 1
sqlrs/cli/internal/cli/runkind/runkind.go:44.16,45.12 1 1
sqlrs/cli/internal/cli/runkind/runkind.go:47.3,47.26 1 1
sqlrs/cli/internal/cli/runkind/runkind.go:47.26,49.4 1 1
sqlrs/cli/internal/cli/runkind/runkind.go:50.3,50.34 1 1
sqlrs/cli/internal/cli/runkind/runkind.go:50.34,51.12 1 1
sqlrs/cli/internal/cli/runkind/runkind.go:53.3,53.35 1 1
sqlrs/cli/internal/cli/runkind/runkind.go:53.35,55.4 1 1
sqlrs/cli/internal/cli/runkind/runkind.go:57.2,57.14 1 1
sqlrs/cli/internal/cli/runkind/runkind.go:60.38,61.13 1 1
sqlrs/cli/internal/cli/runkind/runkind.go:62.90,63.14 1 1
sqlrs/cli/internal/cli/runkind/runkind.go:65.2,69.41 1 1
sqlrs/cli/internal/cli/runkind/runkind.go:69.41,71.3 1 1
sqlrs/cli/internal/cli/runkind/runkind.go:72.2,72.50 1 1
sqlrs/cli/internal/cli/runkind/runkind.go:72.50,74.3 1 1
sqlrs/cli/internal/cli/runkind/runkind.go:75.2,75.50 1 1
sqlrs/cli/internal/cli/runkind/runkind.go:75.50,77.3 1 1
sqlrs/cli/internal/cli/runkind/runkind.go:78.2,78.50 1 1
sqlrs/cli/internal/cli/runkind/runkind.go:78.50,80.3 1 1
sqlrs/cli/internal/cli/runkind/runkind.go:81.2,81.50 1 1
sqlrs/cli/internal/cli/runkind/runkind.go:81.50,83.3 1 1
sqlrs/cli/internal/cli/runkind/runkind.go:84.2,84.14 1 1
sqlrs/cli/internal/cli/runkind/runkind.go:87.51,88.33 1 1
sqlrs/cli/internal/cli/runkind/runkind.go:88.33,90.16 2 1
sqlrs/cli/internal/cli/runkind/runkind.go:90.16,91.12 1 1
sqlrs/cli/internal/cli/runkind/runkind.go:93.3,93.14 1 1
sqlrs/cli/internal/cli/runkind/runkind.go:94.31,95.15 1 1
sqlrs/cli/internal/cli/runkind/runkind.go:97.3,97.51 1 1
sqlrs/cli/internal/cli/runkind/runkind.go:97.51,99.4 1 1
sqlrs/cli/internal/cli/runkind/runkind.go:100.3,100.51 1 1
sqlrs/cli/internal/cli/runkind/runkind.go:100.51,102.4 1 1
sqlrs/cli/internal/cli/runkind/runkind.go:103.3,103.51 1 1
sqlrs/cli/internal/cli/runkind/runkind.go:103.51,105.4 1 1
sqlrs/cli/internal/cli/runkind/runkind.go:106.3,106.51 1 1
sqlrs/cli/internal/cli/runkind/runkind.go:106.51,108.4 1 1
sqlrs/cli/internal/cli/runkind/runkind.go:110.2,110.14 1 1
