mode: set
github.com/sqlrs/cli/internal/inputset/gitrev_fs.go:22.66,29.2 3 1
github.com/sqlrs/cli/internal/inputset/gitrev_fs.go:31.65,32.37 1 1
github.com/sqlrs/cli/internal/inputset/gitrev_fs.go:32.37,34.3 1 1
github.com/sqlrs/cli/internal/inputset/gitrev_fs.go:35.2,37.48 3 1
github.com/sqlrs/cli/internal/inputset/gitrev_fs.go:37.48,39.3 1 1
github.com/sqlrs/cli/internal/inputset/gitrev_fs.go:40.2,40.16 1 1
github.com/sqlrs/cli/internal/inputset/gitrev_fs.go:40.16,42.3 1 1
github.com/sqlrs/cli/internal/inputset/gitrev_fs.go:43.2,43.35 1 1
github.com/sqlrs/cli/internal/inputset/gitrev_fs.go:46.41,48.15 2 1
github.com/sqlrs/cli/internal/inputset/gitrev_fs.go:48.15,50.3 1 1
github.com/sqlrs/cli/internal/inputset/gitrev_fs.go:51.2,53.83 3 1
github.com/sqlrs/cli/internal/inputset/gitrev_fs.go:53.83,55.3 1 1
github.com/sqlrs/cli/internal/inputset/gitrev_fs.go:56.2,56.12 1 1
github.com/sqlrs/cli/internal/inputset/gitrev_fs.go:60.65,62.16 2 1
github.com/sqlrs/cli/internal/inputset/gitrev_fs.go:62.16,64.3 1 0
github.com/sqlrs/cli/internal/inputset/gitrev_fs.go:65.2,66.15 2 1
github.com/sqlrs/cli/internal/inputset/gitrev_fs.go:66.15,68.3 1 1
github.com/sqlrs/cli/internal/inputset/gitrev_fs.go:69.2,72.16 4 1
github.com/sqlrs/cli/internal/inputset/gitrev_fs.go:72.16,73.64 1 1
github.com/sqlrs/cli/internal/inputset/gitrev_fs.go:73.64,75.4 1 1
github.com/sqlrs/cli/internal/inputset/gitrev_fs.go:76.3,76.55 1 0
github.com/sqlrs/cli/internal/inputset/gitrev_fs.go:78.2,78.17 1 1
github.com/sqlrs/cli/internal/inputset/gitrev_fs.go:82.66,83.37 1 1
github.com/sqlrs/cli/internal/inputset/gitrev_fs.go:83.37,85.3 1 1
github.com/sqlrs/cli/internal/inputset/gitrev_fs.go:86.2,87.32 2 1
github.com/sqlrs/cli/internal/inputset/gitrev_fs.go:87.32,88.39 1 1
github.com/sqlrs/cli/internal/inputset/gitrev_fs.go:88.39,90.4 1 1
github.com/sqlrs/cli/internal/inputset/gitrev_fs.go:91.3,91.73 1 1
github.com/sqlrs/cli/internal/inputset/gitrev_fs.go:93.2,94.16 2 1
github.com/sqlrs/cli/internal/inputset/gitrev_fs.go:94.16,96.3 1 0
github.com/sqlrs/cli/internal/inputset/gitrev_fs.go:97.2,98.15 2 1
github.com/sqlrs/cli/internal/inputset/gitrev_fs.go:98.15,100.3 1 0
github.com/sqlrs/cli/internal/inputset/gitrev_fs.go:101.2,104.16 4 1
github.com/sqlrs/cli/internal/inputset/gitrev_fs.go:104.16,106.3 1 1
github.com/sqlrs/cli/internal/inputset/gitrev_fs.go:107.2,108.13 2 1
github.com/sqlrs/cli/internal/inputset/gitrev_fs.go:109.14,111.65 2 1
github.com/sqlrs/cli/internal/inputset/gitrev_fs.go:112.14,113.66 1 1
github.com/sqlrs/cli/internal/inputset/gitrev_fs.go:114.10,115.72 1 1
github.com/sqlrs/cli/internal/inputset/gitrev_fs.go:119.46,121.34 2 1
github.com/sqlrs/cli/internal/inputset/gitrev_fs.go:121.34,123.3 1 1
github.com/sqlrs/cli/internal/inputset/gitrev_fs.go:124.2,124.12 1 1
github.com/sqlrs/cli/internal/inputset/gitrev_fs.go:127.55,130.16 3 1
github.com/sqlrs/cli/internal/inputset/gitrev_fs.go:130.16,132.3 1 1
github.com/sqlrs/cli/internal/inputset/gitrev_fs.go:133.2,134.16 2 1
github.com/sqlrs/cli/internal/inputset/gitrev_fs.go:134.16,136.3 1 0
github.com/sqlrs/cli/internal/inputset/gitrev_fs.go:137.2,137.15 1 1
github.com/sqlrs/cli/internal/inputset/gitrev_fs.go:141.71,143.16 2 1
github.com/sqlrs/cli/internal/inputset/gitrev_fs.go:143.16,145.3 1 1
github.com/sqlrs/cli/internal/inputset/gitrev_fs.go:146.2,148.15 3 1
github.com/sqlrs/cli/internal/inputset/gitrev_fs.go:148.15,150.3 1 1
github.com/sqlrs/cli/internal/inputset/gitrev_fs.go:151.2,153.16 3 1
github.com/sqlrs/cli/internal/inputset/gitrev_fs.go:153.16,154.64 1 1
github.com/sqlrs/cli/internal/inputset/gitrev_fs.go:154.64,156.4 1 1
github.com/sqlrs/cli/internal/inputset/gitrev_fs.go:157.3,157.61 1 0
github.com/sqlrs/cli/internal/inputset/gitrev_fs.go:159.2,159.40 1 1
github.com/sqlrs/cli/internal/inputset/gitrev_fs.go:162.54,166.27 4 1
github.com/sqlrs/cli/internal/inputset/gitrev_fs.go:166.27,168.16 2 1
github.com/sqlrs/cli/internal/inputset/gitrev_fs.go:168.16,169.12 1 1
github.com/sqlrs/cli/internal/inputset/gitrev_fs.go:171.3,172.14 2 1
github.com/sqlrs/cli/internal/inputset/gitrev_fs.go:172.14,173.12 1 1
github.com/sqlrs/cli/internal/inputset/gitrev_fs.go:175.3,176.34 2 1
github.com/sqlrs/cli/internal/inputset/gitrev_fs.go:176.34,177.12 1 1
github.com/sqlrs/cli/internal/inputset/gitrev_fs.go:179.3,180.21 2 1
github.com/sqlrs/cli/internal/inputset/gitrev_fs.go:180.21,181.12 1 1
github.com/sqlrs/cli/internal/inputset/gitrev_fs.go:183.3,185.37 3 1
github.com/sqlrs/cli/internal/inputset/gitrev_fs.go:185.37,186.12 1 1
github.com/sqlrs/cli/internal/inputset/gitrev_fs.go:188.3,189.53 2 1
github.com/sqlrs/cli/internal/inputset/gitrev_fs.go:191.2,191.16 1 1
github.com/sqlrs/cli/internal/inputset/gitrev_fs.go:200.43,200.60 1 1
github.com/sqlrs/cli/internal/inputset/gitrev_fs.go:201.43,201.60 1 1
github.com/sqlrs/cli/internal/inputset/gitrev_fs.go:202.44,202.67 1 1
github.com/sqlrs/cli/internal/inputset/gitrev_fs.go:203.43,203.65 1 1
github.com/sqlrs/cli/internal/inputset/gitrev_fs.go:204.43,204.61 1 1
github.com/sqlrs/cli/internal/inputset/gitrev_fs.go:205.43,205.57 1 1
github.com/sqlrs/cli/internal/inputset/gitrev_fs.go:206.46,207.13 1 1
github.com/sqlrs/cli/internal/inputset/gitrev_fs.go:207.13,209.3 1 1
github.com/sqlrs/cli/internal/inputset/gitrev_fs.go:210.2,210.14 1 1
github.com/sqlrs/cli/internal/inputset/gitrev_fs.go:217.50,217.74 1 1
github.com/sqlrs/cli/internal/inputset/gitrev_fs.go:218.50,218.75 1 1
github.com/sqlrs/cli/internal/inputset/gitrev_fs.go:219.50,219.81 1 1
github.com/sqlrs/cli/internal/inputset/gitrev_fs.go:220.50,220.72 1 1
github.com/sqlrs/cli/internal/inputset/inputset.go:22.36,24.2 1 1
github.com/sqlrs/cli/internal/inputset/inputset.go:27.65,32.2 1 1
github.com/sqlrs/cli/internal/inputset/inputset.go:43.108,46.16 3 1
github.com/sqlrs/cli/internal/inputset/inputset.go:46.16,48.3 1 1
github.com/sqlrs/cli/internal/inputset/inputset.go:49.2,49.19 1 1
github.com/sqlrs/cli/internal/inputset/inputset.go:49.19,51.3 1 1
github.com/sqlrs/cli/internal/inputset/inputset.go:52.2,56.3 1 1
github.com/sqlrs/cli/internal/inputset/inputset.go:60.72,62.2 1 1
github.com/sqlrs/cli/internal/inputset/inputset.go:65.44,67.2 1 1
github.com/sqlrs/cli/internal/inputset/inputset.go:70.59,72.2 1 1
github.com/sqlrs/cli/internal/inputset/inputset.go:75.122,77.19 2 1
github.com/sqlrs/cli/internal/inputset/inputset.go:77.19,79.3 1 1
github.com/sqlrs/cli/internal/inputset/inputset.go:81.2,83.16 3 1
github.com/sqlrs/cli/internal/inputset/inputset.go:83.16,85.3 1 1
github.com/sqlrs/cli/internal/inputset/inputset.go:86.2,86.16 1 1
github.com/sqlrs/cli/internal/inputset/inputset.go:86.16,88.3 1 1
github.com/sqlrs/cli/internal/inputset/inputset.go:89.2,93.31 4 1
github.com/sqlrs/cli/internal/inputset/inputset.go:93.31,95.3 1 1
github.com/sqlrs/cli/internal/inputset/inputset.go:96.2,101.99 5 1
github.com/sqlrs/cli/internal/inputset/inputset.go:101.99,103.3 1 1
github.com/sqlrs/cli/internal/inputset/inputset.go:105.2,105.20 1 1
github.com/sqlrs/cli/internal/inputset/inputset.go:105.20,107.17 2 1
github.com/sqlrs/cli/internal/inputset/inputset.go:107.17,109.4 1 1
github.com/sqlrs/cli/internal/inputset/inputset.go:110.3,110.24 1 1
github.com/sqlrs/cli/internal/inputset/inputset.go:112.2,112.22 1 1
github.com/sqlrs/cli/internal/inputset/inputset.go:115.56,118.36 3 1
github.com/sqlrs/cli/internal/inputset/inputset.go:118.36,120.3 1 1
github.com/sqlrs/cli/internal/inputset/inputset.go:122.2,126.91 5 1
github.com/sqlrs/cli/internal/inputset/inputset.go:126.91,128.3 1 1
github.com/sqlrs/cli/internal/inputset/inputset.go:130.2,131.16 2 1
github.com/sqlrs/cli/internal/inputset/inputset.go:131.16,133.3 1 0
github.com/sqlrs/cli/internal/inputset/inputset.go:134.2,134.16 1 1
github.com/sqlrs/cli/internal/inputset/inputset.go:134.16,136.3 1 1
github.com/sqlrs/cli/internal/inputset/inputset.go:137.2,137.56 1 1
github.com/sqlrs/cli/internal/inputset/inputset.go:142.51,144.19 2 1
github.com/sqlrs/cli/internal/inputset/inputset.go:144.19,146.3 1 0
github.com/sqlrs/cli/internal/inputset/inputset.go:147.2,147.65 1 1
github.com/sqlrs/cli/internal/inputset/inputset.go:147.65,149.3 1 1
github.com/sqlrs/cli/internal/inputset/inputset.go:151.2,153.6 3 1
github.com/sqlrs/cli/internal/inputset/inputset.go:153.6,155.22 2 1
github.com/sqlrs/cli/internal/inputset/inputset.go:155.22,157.4 1 0
github.com/sqlrs/cli/internal/inputset/inputset.go:158.3,160.64 3 1
github.com/sqlrs/cli/internal/inputset/inputset.go:160.64,163.4 2 1
github.com/sqlrs/cli/internal/inputset/inputset.go:168.48,170.16 2 1
github.com/sqlrs/cli/internal/inputset/inputset.go:170.16,172.3 1 1
github.com/sqlrs/cli/internal/inputset/inputset.go:173.2,173.67 1 1
github.com/sqlrs/cli/internal/inputset/inputset.go:178.53,181.2 2 1
github.com/sqlrs/cli/internal/inputset/inputset.go:184.62,186.37 2 1
github.com/sqlrs/cli/internal/inputset/inputset.go:186.37,188.3 1 1
github.com/sqlrs/cli/internal/inputset/inputset.go:189.2,189.34 1 1
github.com/sqlrs/cli/internal/inputset/inputset.go:189.34,190.25 1 1
github.com/sqlrs/cli/internal/inputset/inputset.go:190.25,192.4 1 1
github.com/sqlrs/cli/internal/inputset/inputset.go:194.2,194.33 1 1
github.com/sqlrs/cli/internal/inputset/inputset.go:232.60,234.2 1 1
github.com/sqlrs/cli/internal/inputset/inputset.go:236.59,238.2 1 1
github.com/sqlrs/cli/internal/inputset/inputset.go:240.65,242.2 1 1
github.com/sqlrs/cli/internal/inputset/inputset.go:245.41,248.2 2 1
